Removed Pin From Net: NetName=GND Pin=C20-2
Removed Pin From Net: NetName=VCC Pin=C21-1
Removed Pin From Net: NetName=GND Pin=C21-2
Removed Pin From Net: NetName=GND Pin=C22-2
Removed Pin From Net: NetName=GND Pin=C23-2
Removed Pin From Net: NetName=+5 Pin=F2-1
Removed Pin From Net: NetName=VCC Pin=FB5-2
Removed Pin From Net: NetName=ADC_REFA Pin=IC3-13
Removed Pin From Net: NetName=GND Pin=IC3-15
Removed Pin From Net: NetName=MCU_RST Pin=IC3-18
Removed Pin From Net: NetName=VCC Pin=IC3-20
Removed Pin From Net: NetName=GND Pin=IC3-21
Removed Pin From Net: NetName=VCC Pin=J8-1
Removed Pin From Net: NetName=GND Pin=J8-2
Removed Pin From Net: NetName=GND Pin=J13-9
Removed Pin From Net: NetName=GND Pin=J14-4
Removed Pin From Net: NetName=VCC Pin=J14-6
Removed Pin From Net: NetName=VCC Pin=R16-2
Removed Pin From Net: NetName=VCC Pin=R17-2
Change Component Footprint: Designator=FB5 Old Footprint=FP-BLM18-0_15-t0_8-IPC_A New Footprint=FP-BLM15-0_05-IPC_B
Change Component Comment : Designator=FB5 Old Comment=470O@100MHz New Comment=1k@100MHz
Change Managed Component Library Link : Designator=FB5 Old VaultGUID=B7D15EC3-160A-466F-A46C-7801FE6295A7 New VaultGUID=B7D15EC3-160A-466F-A46C-7801FE6295A7 Old ItemGUID=9D399A06-F76A-4947-B4BA-26D4C8F6CD91 New ItemGUID=83161E3A-4A2E-4429-A291-896082BBF96C Old RevisionGUID=C957BBBD-823C-4299-9DD9-0739FF97114F New RevisionGUID=C32D97C9-3113-4B41-ADFB-D3968EEC1EEC
Change component parameters: Designator = "FB5" ("FB5"); Footprint = "FP-BLM18-0_15-t0_8-IPC_A"; UniqueID = "\VLQQYPZK" ("\VLQQYPZK")
Change component parameters (AddParameter): Name = "Case Code (Imperial)"; Value = "0402"; VariantName = "[No Variations]"
Change component parameters (AddParameter): Name = "Case Code (Metric)"; Value = "1005"; VariantName = "[No Variations]"
Change component parameters (AddParameter): Name = "Case/Package"; Value = "0402"; VariantName = "[No Variations]"
Change component parameters (AddParameter): Name = "Core Material"; Value = "Ferrite"; VariantName = "[No Variations]"
Change component parameters (AddParameter): Name = "Current Rating"; Value = "200mA"; VariantName = "[No Variations]"
Change component parameters (AddParameter): Name = "DC Resistance (DCR)"; Value = "900mR"; VariantName = "[No Variations]"
Change component parameters (AddParameter): Name = "DC Resistance-Max"; Value = "900mR"; VariantName = "[No Variations]"
Change component parameters (AddParameter): Name = "Depth"; Value = "0.5mm"; VariantName = "[No Variations]"
Change component parameters (AddParameter): Name = "Frequency"; Value = "100MHz"; VariantName = "[No Variations]"
Change component parameters (AddParameter): Name = "Height"; Value = "0.5mm"; VariantName = "[No Variations]"
Change component parameters (AddParameter): Name = "Impedance"; Value = "1kR"; VariantName = "[No Variations]"
Change component parameters (AddParameter): Name = "Lead Free"; Value = "Lead Free"; VariantName = "[No Variations]"
Change component parameters (AddParameter): Name = "Length"; Value = "1mm"; VariantName = "[No Variations]"
Change component parameters (AddParameter): Name = "Material"; Value = "Steel"; VariantName = "[No Variations]"
Change component parameters (AddParameter): Name = "Max Current Rating"; Value = "200mA"; VariantName = "[No Variations]"
Change component parameters (AddParameter): Name = "Max DC Current"; Value = "200mA"; VariantName = "[No Variations]"
Change component parameters (AddParameter): Name = "Max Operating Temperature"; Value = "125°C"; VariantName = "[No Variations]"
Change component parameters (AddParameter): Name = "Min Operating Temperature"; Value = "-55°C"; VariantName = "[No Variations]"
Change component parameters (AddParameter): Name = "Number of Circuits"; Value = "1"; VariantName = "[No Variations]"
Change component parameters (AddParameter): Name = "Number of Lines"; Value = "1"; VariantName = "[No Variations]"
Change component parameters (AddParameter): Name = "Number of Pins"; Value = "2"; VariantName = "[No Variations]"
Change component parameters (AddParameter): Name = "Package Quantity"; Value = "1"; VariantName = "[No Variations]"
Change component parameters (AddParameter): Name = "Packaging"; Value = "Tape and Reel"; VariantName = "[No Variations]"
Change component parameters (AddParameter): Name = "Radiation Hardening"; Value = "No"; VariantName = "[No Variations]"
Change component parameters (AddParameter): Name = "REACH SVHC"; Value = "No SVHC"; VariantName = "[No Variations]"
Change component parameters (AddParameter): Name = "Resistance"; Value = "900mR"; VariantName = "[No Variations]"
Change component parameters (AddParameter): Name = "Series"; Value = "BLM15B"; VariantName = "[No Variations]"
Change component parameters (AddParameter): Name = "Shielding"; Value = "Unshielded"; VariantName = "[No Variations]"
Change component parameters (AddParameter): Name = "Termination"; Value = "Flat"; VariantName = "[No Variations]"
Change component parameters (AddParameter): Name = "Test Frequency"; Value = "100MHz"; VariantName = "[No Variations]"
Change component parameters (AddParameter): Name = "Tolerance"; Value = "25%"; VariantName = "[No Variations]"
Change component parameters (AddParameter): Name = "Width"; Value = "0.5mm"; VariantName = "[No Variations]"
Added Component: Designator=FB6(FP-BLM15-0_05-IPC_B)
Add component (AddParameter): Name = "Case Code (Imperial)"; Value = "0402"; VariantName = "[No Variations]"
Add component (AddParameter): Name = "Case Code (Metric)"; Value = "1005"; VariantName = "[No Variations]"
Add component (AddParameter): Name = "Case/Package"; Value = "0402"; VariantName = "[No Variations]"
Add component (AddParameter): Name = "Core Material"; Value = "Ferrite"; VariantName = "[No Variations]"
Add component (AddParameter): Name = "Current Rating"; Value = "200mA"; VariantName = "[No Variations]"
Add component (AddParameter): Name = "DC Resistance (DCR)"; Value = "900mR"; VariantName = "[No Variations]"
Add component (AddParameter): Name = "DC Resistance-Max"; Value = "900mR"; VariantName = "[No Variations]"
Add component (AddParameter): Name = "Depth"; Value = "0.5mm"; VariantName = "[No Variations]"
Add component (AddParameter): Name = "Frequency"; Value = "100MHz"; VariantName = "[No Variations]"
Add component (AddParameter): Name = "Height"; Value = "0.5mm"; VariantName = "[No Variations]"
Add component (AddParameter): Name = "Impedance"; Value = "1kR"; VariantName = "[No Variations]"
Add component (AddParameter): Name = "Lead Free"; Value = "Lead Free"; VariantName = "[No Variations]"
Add component (AddParameter): Name = "Length"; Value = "1mm"; VariantName = "[No Variations]"
Add component (AddParameter): Name = "Material"; Value = "Steel"; VariantName = "[No Variations]"
Add component (AddParameter): Name = "Max Current Rating"; Value = "200mA"; VariantName = "[No Variations]"
Add component (AddParameter): Name = "Max DC Current"; Value = "200mA"; VariantName = "[No Variations]"
Add component (AddParameter): Name = "Max Operating Temperature"; Value = "125°C"; VariantName = "[No Variations]"
Add component (AddParameter): Name = "Min Operating Temperature"; Value = "-55°C"; VariantName = "[No Variations]"
Add component (AddParameter): Name = "Number of Circuits"; Value = "1"; VariantName = "[No Variations]"
Add component (AddParameter): Name = "Number of Lines"; Value = "1"; VariantName = "[No Variations]"
Add component (AddParameter): Name = "Number of Pins"; Value = "2"; VariantName = "[No Variations]"
Add component (AddParameter): Name = "Package Quantity"; Value = "1"; VariantName = "[No Variations]"
Add component (AddParameter): Name = "Packaging"; Value = "Tape and Reel"; VariantName = "[No Variations]"
Add component (AddParameter): Name = "Radiation Hardening"; Value = "No"; VariantName = "[No Variations]"
Add component (AddParameter): Name = "REACH SVHC"; Value = "No SVHC"; VariantName = "[No Variations]"
Add component (AddParameter): Name = "Resistance"; Value = "900mR"; VariantName = "[No Variations]"
Add component (AddParameter): Name = "Series"; Value = "BLM15B"; VariantName = "[No Variations]"
Add component (AddParameter): Name = "Shielding"; Value = "Unshielded"; VariantName = "[No Variations]"
Add component (AddParameter): Name = "Termination"; Value = "Flat"; VariantName = "[No Variations]"
Add component (AddParameter): Name = "Test Frequency"; Value = "100MHz"; VariantName = "[No Variations]"
Add component (AddParameter): Name = "Tolerance"; Value = "25%"; VariantName = "[No Variations]"
Add component (AddParameter): Name = "Width"; Value = "0.5mm"; VariantName = "[No Variations]"
Added Component: Designator=R39(RESC1608X55N)
Add component (AddParameter): Name = "Arrow Part Number"; Value = "ERJ-3EKF4701V"; VariantName = "[No Variations]"
Add component (AddParameter): Name = "Arrow Price/Stock"; Value = "https://www.arrow.com/en/products/erj-3ekf4701v/panasonic?region=nac"; VariantName = "[No Variations]"
Add component (AddParameter): Name = "Datasheet Link"; Value = "http://industrial.panasonic.com/cdbs/www-data/pdf/RDA0000/AOA0000C86.pdf"; VariantName = "[No Variations]"
Add component (AddParameter): Name = "Height"; Value = "0.55mm"; VariantName = "[No Variations]"
Add component (AddParameter): Name = "Manufacturer_Name"; Value = "Panasonic"; VariantName = "[No Variations]"
Add component (AddParameter): Name = "Manufacturer_Part_Number"; Value = "ERJ-3EKF4701V"; VariantName = "[No Variations]"
Add component (AddParameter): Name = "Mouser Part Number"; Value = "667-ERJ-3EKF4701V"; VariantName = "[No Variations]"
Add component (AddParameter): Name = "Mouser Price/Stock"; Value = "https://www.mouser.co.uk/ProductDetail/Panasonic/ERJ-3EKF4701V?qs=MVjVSMjNRMouVvwnqrpO2w%3D%3D"; VariantName = "[No Variations]"
Added Component: Designator=R40(RESC1608X55N)
Add component (AddParameter): Name = "Arrow Part Number"; Value = "ERJ-3EKF4701V"; VariantName = "[No Variations]"
Add component (AddParameter): Name = "Arrow Price/Stock"; Value = "https://www.arrow.com/en/products/erj-3ekf4701v/panasonic?region=nac"; VariantName = "[No Variations]"
Add component (AddParameter): Name = "Datasheet Link"; Value = "http://industrial.panasonic.com/cdbs/www-data/pdf/RDA0000/AOA0000C86.pdf"; VariantName = "[No Variations]"
Add component (AddParameter): Name = "Height"; Value = "0.55mm"; VariantName = "[No Variations]"
Add component (AddParameter): Name = "Manufacturer_Name"; Value = "Panasonic"; VariantName = "[No Variations]"
Add component (AddParameter): Name = "Manufacturer_Part_Number"; Value = "ERJ-3EKF4701V"; VariantName = "[No Variations]"
Add component (AddParameter): Name = "Mouser Part Number"; Value = "667-ERJ-3EKF4701V"; VariantName = "[No Variations]"
Add component (AddParameter): Name = "Mouser Price/Stock"; Value = "https://www.mouser.co.uk/ProductDetail/Panasonic/ERJ-3EKF4701V?qs=MVjVSMjNRMouVvwnqrpO2w%3D%3D"; VariantName = "[No Variations]"
Added Pin To Net: NetName=+5 Pin=F2-2
Added Pin To Net: NetName=GND Pin=J14-1
Added Pin To Net: NetName=VCC Pin=J14-8
Added Pin To Net: NetName=GND Pin=J14-9
Added Pin To Net: NetName=VCC Pin=R39-2
Added Pin To Net: NetName=VCC Pin=R40-2
Added Pin To Net: NetName=EVENT Pin=J14-4
Added Pin To Net: NetName=EVENT Pin=U5-9
Added Net: Name=EVENT
Added Pin To Net: NetName=NetF2_1 Pin=F2-1
Added Pin To Net: NetName=NetF2_1 Pin=J14-2
Added Net: Name=NetF2_1
Added Pin To Net: NetName=NetFB5_1 Pin=FB5-1
Added Pin To Net: NetName=NetFB5_1 Pin=J14-6
Added Pin To Net: NetName=NetFB5_1 Pin=R39-1
Added Net: Name=NetFB5_1
Added Pin To Net: NetName=NetFB6_1 Pin=FB6-1
Added Pin To Net: NetName=NetFB6_1 Pin=J14-5
Added Pin To Net: NetName=NetFB6_1 Pin=R40-1
Added Net: Name=NetFB6_1
Added Pin To Net: NetName=PW_SCL Pin=D6-1
Added Pin To Net: NetName=PW_SCL Pin=FB5-2
Added Pin To Net: NetName=PW_SCL Pin=U5-12
Added Net: Name=PW_SCL
Added Pin To Net: NetName=PW_SDA Pin=D5-1
Added Pin To Net: NetName=PW_SDA Pin=FB6-2
Added Pin To Net: NetName=PW_SDA Pin=U5-11
Added Net: Name=PW_SDA
Added Pin To Net: NetName=ZCD Pin=J14-7
Added Pin To Net: NetName=ZCD Pin=U5-10
Added Net: Name=ZCD
Added Member To Class: ClassName=DMP_SEM_MCU Member=Component FB5 1k@100MHz
Added Member To Class: ClassName=DMP_SEM_MCU Member=Component FB6 1k@100MHz
Added Member To Class: ClassName=DMP_SEM_MCU Member=Component R39 4.7k
Added Member To Class: ClassName=DMP_SEM_MCU Member=Component R40 4.7k
