Removed Pin From Net: NetName=PW_SDA Pin=D5-1
Removed Pin From Net: NetName=PW_SCL Pin=D6-1
Removed Pin From Net: NetName=PW_SCL Pin=FB5-2
Removed Pin From Net: NetName=PW_SDA Pin=FB6-2
Removed Pin From Net: NetName=GND Pin=J14-1
Removed Pin From Net: NetName=NetF2_1 Pin=J14-2
Removed Pin From Net: NetName=EVENT Pin=J14-4
Removed Pin From Net: NetName=NetFB6_1 Pin=J14-5
Removed Pin From Net: NetName=NetFB5_1 Pin=J14-6
Removed Pin From Net: NetName=ZCD Pin=J14-7
Removed Pin From Net: NetName=VCC Pin=J14-8
Removed Pin From Net: NetName=GND Pin=J14-9
Added Pin To Net: NetName=PW_SCL Pin=D5-1
Added Pin To Net: NetName=PW_SDA Pin=D6-1
Added Pin To Net: NetName=PW_SDA Pin=FB5-2
Added Pin To Net: NetName=PW_SCL Pin=FB6-2
Added Pin To Net: NetName=NetF2_1 Pin=J14-1
Added Pin To Net: NetName=GND Pin=J14-2
Added Pin To Net: NetName=GND Pin=J14-3
Added Pin To Net: NetName=NetFB6_1 Pin=J14-4
Added Pin To Net: NetName=NetFB5_1 Pin=J14-5
Added Pin To Net: NetName=VCC Pin=J14-6
Added Pin To Net: NetName=ZCD Pin=J14-8
Added Pin To Net: NetName=EVENT Pin=J14-9
