Removed Member From Class: ClassName=DMP_SEM_MCU Member=C24
Removed Member From Class: ClassName=DMP_SEM_POWER Member=R16
Removed Member From Class: ClassName=DMP_SEM_POWER Member=R40
Removed Member From Class: ClassName=DMP_SEM_POWER Member=R79
Change Component Footprint: Designator=F1 Old Footprint=FUSC6125X279N New Footprint=FUSC1005X43N
Change Component Footprint: Designator=F2 Old Footprint=FUSC6125X279N New Footprint=FUSC1005X43N
Change Component Comment : Designator=F1 Old Comment=0679H0630-05 New Comment=0435.500KRHFS
Change Component Comment : Designator=F2 Old Comment=0679H0630-05 New Comment=0435.500KRHFS
Change Component Designator: OldDesignator=C7 NewDesignator=C6
Change Component Designator: OldDesignator=C8 NewDesignator=C7
Change Component Designator: OldDesignator=C9 NewDesignator=C8
Change Component Designator: OldDesignator=C10 NewDesignator=C9
Change Component Designator: OldDesignator=C11 NewDesignator=C10
Change Component Designator: OldDesignator=C12 NewDesignator=C11
Change Component Designator: OldDesignator=C16 NewDesignator=C17
Change Component Designator: OldDesignator=C22 NewDesignator=C14
Change Component Designator: OldDesignator=C23 NewDesignator=C15
Change Component Designator: OldDesignator=C24 NewDesignator=C16
Change Component Designator: OldDesignator=C25 NewDesignator=C12
Change Component Designator: OldDesignator=C26 NewDesignator=C13
Change Component Designator: OldDesignator=C27 NewDesignator=C20
Change Component Designator: OldDesignator=C28 NewDesignator=C21
Change Component Designator: OldDesignator=C29 NewDesignator=C22
Change Component Designator: OldDesignator=C30 NewDesignator=C23
Change Component Designator: OldDesignator=C31 NewDesignator=C18
Change Component Designator: OldDesignator=C32 NewDesignator=C19
Change Component Designator: OldDesignator=C33 NewDesignator=C24
Change Component Designator: OldDesignator=C34 NewDesignator=C25
Change Component Designator: OldDesignator=C35 NewDesignator=C26
Change Component Designator: OldDesignator=C36 NewDesignator=C27
Change Component Designator: OldDesignator=C37 NewDesignator=C30
Change Component Designator: OldDesignator=C38 NewDesignator=C31
Change Component Designator: OldDesignator=C39 NewDesignator=C28
Change Component Designator: OldDesignator=C40 NewDesignator=C29
Change Component Designator: OldDesignator=C41 NewDesignator=C32
Change Component Designator: OldDesignator=C42 NewDesignator=C33
Change Component Designator: OldDesignator=C43 NewDesignator=C34
Change Component Designator: OldDesignator=C50 NewDesignator=C35
Change Component Designator: OldDesignator=C51 NewDesignator=C36
Change Component Designator: OldDesignator=R4 NewDesignator=R11
Change Component Designator: OldDesignator=R5 NewDesignator=R12
Change Component Designator: OldDesignator=R6 NewDesignator=R10
Change Component Designator: OldDesignator=R9 NewDesignator=R14
Change Component Designator: OldDesignator=R10 NewDesignator=R13
Change Component Designator: OldDesignator=R11 NewDesignator=R8
Change Component Designator: OldDesignator=R12 NewDesignator=R7
Change Component Designator: OldDesignator=R13 NewDesignator=R15
Change Component Designator: OldDesignator=R14 NewDesignator=R16
Change Component Designator: OldDesignator=R15 NewDesignator=R17
Change Component Designator: OldDesignator=R16 NewDesignator=R4
Change Component Designator: OldDesignator=R26 NewDesignator=R18
Change Component Designator: OldDesignator=R27 NewDesignator=R19
Change Component Designator: OldDesignator=R28 NewDesignator=R20
Change Component Designator: OldDesignator=R29 NewDesignator=R21
Change Component Designator: OldDesignator=R30 NewDesignator=R22
Change Component Designator: OldDesignator=R31 NewDesignator=R23
Change Component Designator: OldDesignator=R32 NewDesignator=R24
Change Component Designator: OldDesignator=R33 NewDesignator=R25
Change Component Designator: OldDesignator=R34 NewDesignator=R26
Change Component Designator: OldDesignator=R35 NewDesignator=R27
Change Component Designator: OldDesignator=R36 NewDesignator=R28
Change Component Designator: OldDesignator=R37 NewDesignator=R29
Change Component Designator: OldDesignator=R38 NewDesignator=R30
Change Component Designator: OldDesignator=R39 NewDesignator=R31
Change Component Designator: OldDesignator=R40 NewDesignator=R6
Change Component Designator: OldDesignator=R41 NewDesignator=R32
Change Component Designator: OldDesignator=R58 NewDesignator=R34
Change Component Designator: OldDesignator=R59 NewDesignator=R33
Change Component Designator: OldDesignator=R60 NewDesignator=R35
Change Component Designator: OldDesignator=R61 NewDesignator=R36
Change Component Designator: OldDesignator=R62 NewDesignator=R37
Change Component Designator: OldDesignator=R63 NewDesignator=R38
Change Component Designator: OldDesignator=R79 NewDesignator=R5
Change component parameters: Designator = "F1" ("F1"); Footprint = "FUSC6125X279N"; UniqueID = "\EJFHBSFD" ("\EJFHBSFD")
Change component parameters (AddParameter): Name = "Arrow Part Number"; Value = ""; VariantName = "[No Variations]"
Change component parameters (AddParameter): Name = "Arrow Price/Stock"; Value = ""; VariantName = "[No Variations]"
Change component parameters (AddParameter): Name = "Datasheet Link"; Value = "https://4donline.ihs.com/images/VipMasterIC/IC/LFSI/LFSI-S-A0001437699/LFSI-S-A0001437699-1.pdf?hkey=EF798316E3902B6ED9A73243A3159BB0"; VariantName = "[No Variations]"
Change component parameters (AddParameter): Name = "Height"; Value = "0.432mm"; VariantName = "[No Variations]"
Change component parameters (AddParameter): Name = "Manufacturer_Name"; Value = "LITTELFUSE"; VariantName = "[No Variations]"
Change component parameters (AddParameter): Name = "Manufacturer_Part_Number"; Value = "0435.500KRHFS"; VariantName = "[No Variations]"
Change component parameters (AddParameter): Name = "Mouser Part Number"; Value = ""; VariantName = "[No Variations]"
Change component parameters (AddParameter): Name = "Mouser Price/Stock"; Value = ""; VariantName = "[No Variations]"
Change component parameters: Designator = "F2" ("F2"); Footprint = "FUSC6125X279N"; UniqueID = "\PXQKVTQC" ("\PXQKVTQC")
Change component parameters (AddParameter): Name = "Arrow Part Number"; Value = ""; VariantName = "[No Variations]"
Change component parameters (AddParameter): Name = "Arrow Price/Stock"; Value = ""; VariantName = "[No Variations]"
Change component parameters (AddParameter): Name = "Datasheet Link"; Value = "https://4donline.ihs.com/images/VipMasterIC/IC/LFSI/LFSI-S-A0001437699/LFSI-S-A0001437699-1.pdf?hkey=EF798316E3902B6ED9A73243A3159BB0"; VariantName = "[No Variations]"
Change component parameters (AddParameter): Name = "Height"; Value = "0.432mm"; VariantName = "[No Variations]"
Change component parameters (AddParameter): Name = "Manufacturer_Name"; Value = "LITTELFUSE"; VariantName = "[No Variations]"
Change component parameters (AddParameter): Name = "Manufacturer_Part_Number"; Value = "0435.500KRHFS"; VariantName = "[No Variations]"
Change component parameters (AddParameter): Name = "Mouser Part Number"; Value = ""; VariantName = "[No Variations]"
Change component parameters (AddParameter): Name = "Mouser Price/Stock"; Value = ""; VariantName = "[No Variations]"
Change Net Name : Old Net Name=NetC25_1 New Net Name=NetC12_1
Change Net Name : Old Net Name=NetC27_1 New Net Name=NetC20_1
Change Net Name : Old Net Name=NetC29_1 New Net Name=NetC22_1
Change Net Name : Old Net Name=NetC30_1 New Net Name=NetC23_1
Change Net Name : Old Net Name=NetC31_1 New Net Name=NetC18_1
Change Net Name : Old Net Name=NetC32_1 New Net Name=NetC19_1
Change Net Name : Old Net Name=NetC39_1 New Net Name=NetC28_1
Change Net Name : Old Net Name=NetC42_2 New Net Name=NetC33_2
Change Net Name : Old Net Name=NetC43_2 New Net Name=NetC34_2
Change Net Name : Old Net Name=NetR4_2 New Net Name=NetR11_2
Change Net Name : Old Net Name=NetR9_1 New Net Name=NetR14_1
Change Net Name : Old Net Name=NetR10_1 New Net Name=NetR13_1
Change Net Name : Old Net Name=NetR29_1 New Net Name=NetR21_1
Change Net Name : Old Net Name=NetR31_1 New Net Name=NetR23_1
Change Net Name : Old Net Name=NetR32_1 New Net Name=NetR24_1
Change Net Name : Old Net Name=NetR33_1 New Net Name=NetR25_1
Change Net Name : Old Net Name=NetR34_1 New Net Name=NetR26_1
Change Net Name : Old Net Name=NetR41_2 New Net Name=NetR32_2
Added Member To Class: ClassName=DMP_SEM_MCU Member=Component C17 100nF
Added Member To Class: ClassName=DMP_SEM_POWER Member=Component R11 22.1k
Added Member To Class: ClassName=DMP_SEM_POWER Member=Component R12 47.5k
Added Member To Class: ClassName=DMP_SEM_POWER Member=Component R15 1k
