Removed Pin From Net: NetName=5V Pin=C4-1
Removed Pin From Net: NetName=GND Pin=C4-2
Removed Pin From Net: NetName=5V Pin=C5-1
Removed Pin From Net: NetName=GND Pin=C5-2
Removed Pin From Net: NetName=USB_UART_RX Pin=C6-1
Removed Pin From Net: NetName=GND Pin=C6-2
Removed Pin From Net: NetName=GND Pin=C7-2
Removed Pin From Net: NetName=GND Pin=LED1-1
Removed Pin From Net: NetName=GND Pin=LED2-1
Removed Pin From Net: NetName=UU_RST Pin=R10-1
Removed Pin From Net: NetName=VCC Pin=R10-2
Removed Pin From Net: NetName=5V Pin=R11-1
Removed Pin From Net: NetName=GND Pin=R12-2
Removed Pin From Net: NetName=USB_UART_RX Pin=R13-2
Removed Pin From Net: NetName=USB_UART_TX Pin=R14-2
Removed Pin From Net: NetName=GND Pin=U3-3
Removed Pin From Net: NetName=D_P Pin=U3-4
Removed Pin From Net: NetName=D_N Pin=U3-5
Removed Pin From Net: NetName=5V Pin=U3-7
Removed Pin From Net: NetName=UU_RST Pin=U3-9
Removed Pin From Net: NetName=GND Pin=U3-12
Removed Pin From Net: NetName=GND Pin=U3-21
Removed Member From Class: ClassName=DMP_SEM_POWER Member=C4
Removed Member From Class: ClassName=DMP_SEM_POWER Member=C5
Removed Member From Class: ClassName=DMP_SEM_POWER Member=C7
Removed Member From Class: ClassName=DMP_SEM_POWER Member=LED1
Removed Member From Class: ClassName=DMP_SEM_POWER Member=R10
Removed Member From Class: ClassName=DMP_SEM_POWER Member=R11
Removed Member From Class: ClassName=DMP_SEM_POWER Member=R12
Removed Member From Class: ClassName=DMP_SEM_POWER Member=R13
Removed Member From Class: ClassName=DMP_SEM_POWER Member=R14
Removed Member From Class: ClassName=DMP_SEM_POWER Member=R42
Removed Member From Class: ClassName=DMP_SEM_POWER Member=U3
Change Component Footprint: Designator=LED2 Old Footprint=WL-SMCW_0603_150060xx75000 New Footprint=WL-SMCW_0603_150060xx75000
