Added Component: Designator=J11(SAMTEC_SSW-109-01-S-S)
Add component (AddParameter): Name = "Arrow Part Number"; Value = "SSW-109-01-S-S"; VariantName = "[No Variations]"
Add component (AddParameter): Name = "Arrow Price/Stock"; Value = "https://www.arrow.com/en/products/ssw-109-01-s-s/samtec"; VariantName = "[No Variations]"
Add component (AddParameter): Name = "Datasheet Link"; Value = "http://suddendocs.samtec.com/prints/ssw-1xx-xx-xxx-x-xx-xxx-xx-mkt.pdf"; VariantName = "[No Variations]"
Add component (AddParameter): Name = "Manufacturer_Name"; Value = "SAMTEC"; VariantName = "[No Variations]"
Add component (AddParameter): Name = "Manufacturer_Part_Number"; Value = "SSW-109-01-S-S"; VariantName = "[No Variations]"
Add component (AddParameter): Name = "Mouser Part Number"; Value = "200-SSW10901SS"; VariantName = "[No Variations]"
Add component (AddParameter): Name = "Mouser Price/Stock"; Value = "https://www.mouser.co.uk/ProductDetail/Samtec/SSW-109-01-S-S?qs=92ilVni64gyiynRZGJ4lIQ%3D%3D"; VariantName = "[No Variations]"
Added Component: Designator=J12(SAMTEC_SSW-109-01-S-S)
Add component (AddParameter): Name = "Arrow Part Number"; Value = "SSW-109-01-S-S"; VariantName = "[No Variations]"
Add component (AddParameter): Name = "Arrow Price/Stock"; Value = "https://www.arrow.com/en/products/ssw-109-01-s-s/samtec"; VariantName = "[No Variations]"
Add component (AddParameter): Name = "Datasheet Link"; Value = "http://suddendocs.samtec.com/prints/ssw-1xx-xx-xxx-x-xx-xxx-xx-mkt.pdf"; VariantName = "[No Variations]"
Add component (AddParameter): Name = "Manufacturer_Name"; Value = "SAMTEC"; VariantName = "[No Variations]"
Add component (AddParameter): Name = "Manufacturer_Part_Number"; Value = "SSW-109-01-S-S"; VariantName = "[No Variations]"
Add component (AddParameter): Name = "Mouser Part Number"; Value = "200-SSW10901SS"; VariantName = "[No Variations]"
Add component (AddParameter): Name = "Mouser Price/Stock"; Value = "https://www.mouser.co.uk/ProductDetail/Samtec/SSW-109-01-S-S?qs=92ilVni64gyiynRZGJ4lIQ%3D%3D"; VariantName = "[No Variations]"
Added Component: Designator=J13(SAMTEC_SSW-109-01-S-S)
Add component (AddParameter): Name = "Arrow Part Number"; Value = "SSW-109-01-S-S"; VariantName = "[No Variations]"
Add component (AddParameter): Name = "Arrow Price/Stock"; Value = "https://www.arrow.com/en/products/ssw-109-01-s-s/samtec"; VariantName = "[No Variations]"
Add component (AddParameter): Name = "Datasheet Link"; Value = "http://suddendocs.samtec.com/prints/ssw-1xx-xx-xxx-x-xx-xxx-xx-mkt.pdf"; VariantName = "[No Variations]"
Add component (AddParameter): Name = "Manufacturer_Name"; Value = "SAMTEC"; VariantName = "[No Variations]"
Add component (AddParameter): Name = "Manufacturer_Part_Number"; Value = "SSW-109-01-S-S"; VariantName = "[No Variations]"
Add component (AddParameter): Name = "Mouser Part Number"; Value = "200-SSW10901SS"; VariantName = "[No Variations]"
Add component (AddParameter): Name = "Mouser Price/Stock"; Value = "https://www.mouser.co.uk/ProductDetail/Samtec/SSW-109-01-S-S?qs=92ilVni64gyiynRZGJ4lIQ%3D%3D"; VariantName = "[No Variations]"
Added Component: Designator=J14(SAMTEC_SSW-109-01-S-S)
Add component (AddParameter): Name = "Arrow Part Number"; Value = "SSW-109-01-S-S"; VariantName = "[No Variations]"
Add component (AddParameter): Name = "Arrow Price/Stock"; Value = "https://www.arrow.com/en/products/ssw-109-01-s-s/samtec"; VariantName = "[No Variations]"
Add component (AddParameter): Name = "Datasheet Link"; Value = "http://suddendocs.samtec.com/prints/ssw-1xx-xx-xxx-x-xx-xxx-xx-mkt.pdf"; VariantName = "[No Variations]"
Add component (AddParameter): Name = "Manufacturer_Name"; Value = "SAMTEC"; VariantName = "[No Variations]"
Add component (AddParameter): Name = "Manufacturer_Part_Number"; Value = "SSW-109-01-S-S"; VariantName = "[No Variations]"
Add component (AddParameter): Name = "Mouser Part Number"; Value = "200-SSW10901SS"; VariantName = "[No Variations]"
Add component (AddParameter): Name = "Mouser Price/Stock"; Value = "https://www.mouser.co.uk/ProductDetail/Samtec/SSW-109-01-S-S?qs=92ilVni64gyiynRZGJ4lIQ%3D%3D"; VariantName = "[No Variations]"
Added Pin To Net: NetName=MCU_RST Pin=J11-1
Added Pin To Net: NetName=BUTTON_OK Pin=J11-2
Added Pin To Net: NetName=BUTTON_UP Pin=J11-3
Added Pin To Net: NetName=BUTTON_DOWN Pin=J11-4
Added Pin To Net: NetName=DISPLAY_SPI_MISO Pin=J11-6
Added Pin To Net: NetName=DISPLAY_SPI_CS Pin=J11-7
Added Pin To Net: NetName=DISPLAY_SPI_CLK Pin=J11-8
Added Pin To Net: NetName=DISPLAY_SPI_MOSI Pin=J11-9
Added Pin To Net: NetName=GND Pin=J12-1
Added Pin To Net: NetName=VCC Pin=J12-2
Added Pin To Net: NetName=DISPLAY_BLK Pin=J12-5
Added Pin To Net: NetName=DISPLAY_DC Pin=J12-6
Added Pin To Net: NetName=DISPLAY_RST Pin=J12-7
Added Pin To Net: NetName=DISPLAY_EN Pin=J12-8
Added Pin To Net: NetName=NetF2_1 Pin=J14-1
Added Pin To Net: NetName=GND Pin=J14-2
Added Pin To Net: NetName=GND Pin=J14-3
Added Pin To Net: NetName=NetFB6_1 Pin=J14-4
Added Pin To Net: NetName=NetFB5_1 Pin=J14-5
Added Pin To Net: NetName=VCC Pin=J14-6
Added Pin To Net: NetName=ZCD Pin=J14-8
Added Pin To Net: NetName=EVENT Pin=J14-9
Added Member To Class: ClassName=DMP_SEM_MCU Member=Component J11 SSW-109-01-S-S
Added Member To Class: ClassName=DMP_SEM_MCU Member=Component J12 SSW-109-01-S-S
Added Member To Class: ClassName=DMP_SEM_MCU Member=Component J13 SSW-109-01-S-S
Added Member To Class: ClassName=DMP_SEM_MCU Member=Component J14 SSW-109-01-S-S
