Removed Pin From Net: NetName=MEMORY_DATA3 Pin=TP1-1
Removed Pin From Net: NetName=MEMORY_CS Pin=TP2-1
Removed Pin From Net: NetName=MEMORY_DATA1 Pin=TP3-1
Removed Pin From Net: NetName=MEMORY_DATA2 Pin=TP4-1
Removed Pin From Net: NetName=MEMORY_DATA0 Pin=TP5-1
Removed Pin From Net: NetName=MEMORY_CLK Pin=TP6-1
Removed Pin From Net: NetName=SD_DATA3 Pin=TP7-1
Removed Pin From Net: NetName=SD_DATA2 Pin=TP8-1
Removed Pin From Net: NetName=SD_DATA1 Pin=TP9-1
Removed Pin From Net: NetName=SD_DATA0 Pin=TP10-1
Removed Pin From Net: NetName=SD_CMD Pin=TP11-1
Removed Pin From Net: NetName=SD_CD Pin=TP12-1
Removed Pin From Net: NetName=SD_CLK Pin=TP13-1
Removed Member From Class: ClassName=DMP_SEM_SDCARD Member=TP1
Removed Member From Class: ClassName=DMP_SEM_SDCARD Member=TP2
Removed Member From Class: ClassName=DMP_SEM_SDCARD Member=TP3
Removed Member From Class: ClassName=DMP_SEM_SDCARD Member=TP4
Removed Member From Class: ClassName=DMP_SEM_SDCARD Member=TP5
Removed Member From Class: ClassName=DMP_SEM_SDCARD Member=TP6
Removed Member From Class: ClassName=DMP_SEM_SDCARD Member=TP7
Removed Member From Class: ClassName=DMP_SEM_SDCARD Member=TP8
Removed Member From Class: ClassName=DMP_SEM_SDCARD Member=TP9
Removed Member From Class: ClassName=DMP_SEM_SDCARD Member=TP10
Removed Member From Class: ClassName=DMP_SEM_SDCARD Member=TP11
Removed Member From Class: ClassName=DMP_SEM_SDCARD Member=TP12
Removed Member From Class: ClassName=DMP_SEM_SDCARD Member=TP13
