Removed Pin From Net: NetName=VDDANA Pin=C13-1
Removed Pin From Net: NetName=GND Pin=C13-2
Removed Pin From Net: NetName=VDDANA Pin=C14-1
Removed Pin From Net: NetName=GND Pin=C14-2
Removed Pin From Net: NetName=VCC Pin=C15-1
Removed Pin From Net: NetName=GND Pin=C15-2
Removed Pin From Net: NetName=VCC Pin=C16-1
Removed Pin From Net: NetName=GND Pin=C16-2
Removed Pin From Net: NetName=VCC Pin=C17-1
Removed Pin From Net: NetName=GND Pin=C17-2
Removed Pin From Net: NetName=VCC Pin=C18-1
Removed Pin From Net: NetName=GND Pin=C18-2
Removed Pin From Net: NetName=VCC Pin=C19-1
Removed Pin From Net: NetName=GND Pin=C19-2
Removed Pin From Net: NetName=VCC Pin=C20-1
Removed Pin From Net: NetName=GND Pin=C20-2
Removed Pin From Net: NetName=VCC Pin=C21-1
Removed Pin From Net: NetName=GND Pin=C21-2
Removed Pin From Net: NetName=VCC Pin=C22-1
Removed Pin From Net: NetName=GND Pin=C22-2
Removed Pin From Net: NetName=VCC Pin=C23-1
Removed Pin From Net: NetName=GND Pin=C23-2
Removed Pin From Net: NetName=VCC Pin=C24-1
Removed Pin From Net: NetName=GND Pin=C24-2
Removed Pin From Net: NetName=GND Pin=C31-1
Removed Pin From Net: NetName=GND Pin=C32-1
Removed Pin From Net: NetName=VCC Pin=C52-1
Removed Pin From Net: NetName=GND Pin=C52-2
Removed Pin From Net: NetName=VCC Pin=IC2-2
Removed Pin From Net: NetName=GND Pin=IC2-10
Removed Pin From Net: NetName=VCC Pin=R64-2
Removed Pin From Net: NetName=GND Pin=R65-2
Removed Member From Class: ClassName=DMP_SEM_MCU Member=C13
Removed Member From Class: ClassName=DMP_SEM_MCU Member=C14
Removed Member From Class: ClassName=DMP_SEM_MCU Member=C15
Removed Member From Class: ClassName=DMP_SEM_MCU Member=C17
Removed Member From Class: ClassName=DMP_SEM_MCU Member=C18
Removed Member From Class: ClassName=DMP_SEM_MCU Member=C19
Removed Member From Class: ClassName=DMP_SEM_MCU Member=C20
Removed Member From Class: ClassName=DMP_SEM_MCU Member=C21
Removed Member From Class: ClassName=DMP_SEM_SDCARD Member=C52
Removed Member From Class: ClassName=DMP_SEM_SDCARD Member=IC2
Removed Member From Class: ClassName=DMP_SEM_SDCARD Member=R64
Removed Member From Class: ClassName=DMP_SEM_SDCARD Member=R65
Removed Member From Class: ClassName=DMP_SEM_SDCARD Member=R66
Removed Member From Class: ClassName=DMP_SEM_SDCARD Member=R67
Removed Member From Class: ClassName=DMP_SEM_SDCARD Member=R68
Removed Member From Class: ClassName=DMP_SEM_SDCARD Member=R69
Removed Member From Class: ClassName=DMP_SEM_SDCARD Member=R70
Removed Member From Class: ClassName=DMP_SEM_SDCARD Member=R71
Change Component Footprint: Designator=Y3 Old Footprint=FP-ABS07-MFG New Footprint=Q13FC1350000400
Change Component Footprint: Designator=C31 Old Footprint=FP-C0402-BB-IPC_A New Footprint=CAPC1005X55N
Change Component Footprint: Designator=C32 Old Footprint=FP-C0402-BB-IPC_A New Footprint=CAPC1005X55N
Change Component Comment : Designator=C31 Old Comment=12pF New Comment=22pF
Change Component Comment : Designator=C32 Old Comment=12pF New Comment=22pF
Change Managed Component Library Link : Designator=C31 Old VaultGUID=B7D15EC3-160A-466F-A46C-7801FE6295A7 New VaultGUID= Old ItemGUID=DAE5A0E5-1A2F-4222-B0EF-B38A61814D99 New ItemGUID= Old RevisionGUID=A5E9060D-DFE2-4D3D-A333-F15AD8CE100B New RevisionGUID=
Change Managed Component Library Link : Designator=C32 Old VaultGUID=B7D15EC3-160A-466F-A46C-7801FE6295A7 New VaultGUID= Old ItemGUID=DAE5A0E5-1A2F-4222-B0EF-B38A61814D99 New ItemGUID= Old RevisionGUID=A5E9060D-DFE2-4D3D-A333-F15AD8CE100B New RevisionGUID=
Change Managed Component Library Link : Designator=Y3 Old VaultGUID=B7D15EC3-160A-466F-A46C-7801FE6295A7 New VaultGUID= Old ItemGUID=99CF9EAF-B35A-4197-A06B-102B090A48DC New ItemGUID= Old RevisionGUID=E2E40C04-C81E-4099-8CD4-DFC409811515 New RevisionGUID=
Change component parameters: Designator = "C31" ("C31"); Footprint = "FP-C0402-BB-IPC_A"; UniqueID = "\ZXLVVERB" ("\ZXLVVERB")
Change component parameters (AddParameter): Name = "Arrow Part Number"; Value = "CC0402JRNPO9BN220"; VariantName = "[No Variations]"
Change component parameters (AddParameter): Name = "Arrow Price/Stock"; Value = "https://www.arrow.com/en/products/cc0402jrnpo9bn220/yageo?region=nac"; VariantName = "[No Variations]"
Change component parameters (AddParameter): Name = "ComponentLink1Description"; Value = "shop"; VariantName = "[No Variations]"
Change component parameters (AddParameter): Name = "ComponentLink1URL"; Value = "https://cz.mouser.com/ProductDetail/YAGEO/CC0402JRNPO9BN220?qs=AgBp2OyFlx9i3sVl6vpnFQ%3D%3D"; VariantName = "[No Variations]"
Change component parameters (AddParameter): Name = "Datasheet Link"; Value = "https://www.yageo.com/upload/media/product/productsearch/datasheet/mlcc/UPY-GP_NP0_16V-to-50V_18.pdf"; VariantName = "[No Variations]"
Change component parameters (AddParameter): Name = "Height"; Value = "0.55mm"; VariantName = "[No Variations]"
Change component parameters (AddParameter): Name = "Manufacturer_Name"; Value = "YAGEO"; VariantName = "[No Variations]"
Change component parameters (AddParameter): Name = "Manufacturer_Part_Number"; Value = "CC0402JRNPO9BN220"; VariantName = "[No Variations]"
Change component parameters (AddParameter): Name = "Mouser Part Number"; Value = "603-CC402JRNPO9BN220"; VariantName = "[No Variations]"
Change component parameters (AddParameter): Name = "Mouser Price/Stock"; Value = "https://www.mouser.co.uk/ProductDetail/YAGEO/CC0402JRNPO9BN220?qs=AgBp2OyFlx9i3sVl6vpnFQ%3D%3D"; VariantName = "[No Variations]"
Change component parameters: Designator = "C32" ("C32"); Footprint = "FP-C0402-BB-IPC_A"; UniqueID = "\GOWLRZCO" ("\GOWLRZCO")
Change component parameters (AddParameter): Name = "Arrow Part Number"; Value = "CC0402JRNPO9BN220"; VariantName = "[No Variations]"
Change component parameters (AddParameter): Name = "Arrow Price/Stock"; Value = "https://www.arrow.com/en/products/cc0402jrnpo9bn220/yageo?region=nac"; VariantName = "[No Variations]"
Change component parameters (AddParameter): Name = "ComponentLink1Description"; Value = "shop"; VariantName = "[No Variations]"
Change component parameters (AddParameter): Name = "ComponentLink1URL"; Value = "https://cz.mouser.com/ProductDetail/YAGEO/CC0402JRNPO9BN220?qs=AgBp2OyFlx9i3sVl6vpnFQ%3D%3D"; VariantName = "[No Variations]"
Change component parameters (AddParameter): Name = "Datasheet Link"; Value = "https://www.yageo.com/upload/media/product/productsearch/datasheet/mlcc/UPY-GP_NP0_16V-to-50V_18.pdf"; VariantName = "[No Variations]"
Change component parameters (AddParameter): Name = "Height"; Value = "0.55mm"; VariantName = "[No Variations]"
Change component parameters (AddParameter): Name = "Manufacturer_Name"; Value = "YAGEO"; VariantName = "[No Variations]"
Change component parameters (AddParameter): Name = "Manufacturer_Part_Number"; Value = "CC0402JRNPO9BN220"; VariantName = "[No Variations]"
Change component parameters (AddParameter): Name = "Mouser Part Number"; Value = "603-CC402JRNPO9BN220"; VariantName = "[No Variations]"
Change component parameters (AddParameter): Name = "Mouser Price/Stock"; Value = "https://www.mouser.co.uk/ProductDetail/YAGEO/CC0402JRNPO9BN220?qs=AgBp2OyFlx9i3sVl6vpnFQ%3D%3D"; VariantName = "[No Variations]"
Change component parameters: Designator = "Y3" ("Y3"); Footprint = "FP-ABS07-MFG"; UniqueID = "\KNTXKBKH" ("\KNTXKBKH")
Change component parameters (AddParameter): Name = "Arrow Part Number"; Value = ""; VariantName = "[No Variations]"
Change component parameters (AddParameter): Name = "Arrow Price/Stock"; Value = ""; VariantName = "[No Variations]"
Change component parameters (AddParameter): Name = "ComponentLink1Description"; Value = "shop"; VariantName = "[No Variations]"
Change component parameters (AddParameter): Name = "ComponentLink1URL"; Value = "https://cz.mouser.com/ProductDetail/Epson-Timing/FC-135-32.7680KA-A5?qs=f9yNj16SXrJ7J65t%252BHv0JQ%3D%3D"; VariantName = "[No Variations]"
Change component parameters (AddParameter): Name = "Datasheet Link"; Value = "https://datasheet.lcsc.com/szlcsc/1901081604_Seiko-Epson-Q13FC1350000400_C32346.pdf"; VariantName = "[No Variations]"
Change component parameters (AddParameter): Name = "Height"; Value = "0.9mm"; VariantName = "[No Variations]"
Change component parameters (AddParameter): Name = "Manufacturer_Name"; Value = "Seiko Epson Corporation"; VariantName = "[No Variations]"
Change component parameters (AddParameter): Name = "Manufacturer_Part_Number"; Value = "Q13FC1350000400"; VariantName = "[No Variations]"
Change component parameters (AddParameter): Name = "Mouser Part Number"; Value = ""; VariantName = "[No Variations]"
Change component parameters (AddParameter): Name = "Mouser Price/Stock"; Value = ""; VariantName = "[No Variations]"
Change component parameters (AddParameter): Name = "Parameter 1"; Value = ""; VariantName = "[No Variations]"
Added Component: Designator=U5(FP-PA-IPC_A)
Add component (AddParameter): Name = "Case/Package"; Value = "VQFN"; VariantName = "[No Variations]"
Add component (AddParameter): Name = "Core Architecture"; Value = "ARM"; VariantName = "[No Variations]"
Add component (AddParameter): Name = "Frequency"; Value = "120MHz"; VariantName = "[No Variations]"
Add component (AddParameter): Name = "Interface"; Value = "I2C"; VariantName = "[No Variations]"
Add component (AddParameter): Name = "Max Operating Temperature"; Value = "85°C"; VariantName = "[No Variations]"
Add component (AddParameter): Name = "Memory Size"; Value = "1MB"; VariantName = "[No Variations]"
Add component (AddParameter): Name = "Memory Type"; Value = "FLASH"; VariantName = "[No Variations]"
Add component (AddParameter): Name = "Min Operating Temperature"; Value = "-40°C"; VariantName = "[No Variations]"
Add component (AddParameter): Name = "Number of I/Os"; Value = "51"; VariantName = "[No Variations]"
Add component (AddParameter): Name = "Oscillator Type"; Value = "Internal"; VariantName = "[No Variations]"
Add component (AddParameter): Name = "Packaging"; Value = "Tray"; VariantName = "[No Variations]"
Add component (AddParameter): Name = "Peripherals"; Value = "Brown-out Detect/Reset"; VariantName = "[No Variations]"
Added Pin To Net: NetName=GND Pin=C16-1
Added Pin To Net: NetName=VCC Pin=C16-2
Added Pin To Net: NetName=GND Pin=C22-1
Added Pin To Net: NetName=VCC Pin=C22-2
Added Pin To Net: NetName=GND Pin=C23-1
Added Pin To Net: NetName=VCC Pin=C23-2
Added Pin To Net: NetName=GND Pin=C24-1
Added Pin To Net: NetName=VCC Pin=C24-2
Added Pin To Net: NetName=GND Pin=C31-2
Added Pin To Net: NetName=GND Pin=C32-2
Added Pin To Net: NetName=USB_UART_TX Pin=J15-1
Added Pin To Net: NetName=USB_UART_RX Pin=J15-2
Added Pin To Net: NetName=UU_RST Pin=U5-3
Added Pin To Net: NetName=BUTTON_OK Pin=U5-4
Added Pin To Net: NetName=BUTTON_UP Pin=U5-5
Added Pin To Net: NetName=BUTTON_DOWN Pin=U5-6
Added Pin To Net: NetName=GND Pin=U5-7
Added Pin To Net: NetName=VDDANA Pin=U5-8
Added Pin To Net: NetName=WIFI_EN Pin=U5-9
Added Pin To Net: NetName=WIFI_WAKE Pin=U5-10
Added Pin To Net: NetName=AVR_SDA Pin=U5-11
Added Pin To Net: NetName=AVR_SCL Pin=U5-12
Added Pin To Net: NetName=USB_UART_TX Pin=U5-13
Added Pin To Net: NetName=USB_UART_RX Pin=U5-14
Added Pin To Net: NetName=SD_CMD Pin=U5-17
Added Pin To Net: NetName=SD_DATA0 Pin=U5-18
Added Pin To Net: NetName=SD_DATA1 Pin=U5-19
Added Pin To Net: NetName=SD_DATA2 Pin=U5-20
Added Pin To Net: NetName=VCC Pin=U5-21
Added Pin To Net: NetName=GND Pin=U5-22
Added Pin To Net: NetName=SD_DATA3 Pin=U5-23
Added Pin To Net: NetName=SD_CLK Pin=U5-24
Added Pin To Net: NetName=SD_CD Pin=U5-25
Added Pin To Net: NetName=ETH_GMDC Pin=U5-27
Added Pin To Net: NetName=ETH_GMDIO Pin=U5-28
Added Pin To Net: NetName=ETH_RX1 Pin=U5-29
Added Pin To Net: NetName=ETH_RX0 Pin=U5-30
Added Pin To Net: NetName=ETH_TXCK Pin=U5-31
Added Pin To Net: NetName=ETH_RXEN Pin=U5-32
Added Pin To Net: NetName=GND Pin=U5-33
Added Pin To Net: NetName=VCC Pin=U5-34
Added Pin To Net: NetName=ETH_GRXDV Pin=U5-35
Added Pin To Net: NetName=ETH_TXEN Pin=U5-36
Added Pin To Net: NetName=ETH_TX0 Pin=U5-37
Added Pin To Net: NetName=ETH_TX1 Pin=U5-38
Added Pin To Net: NetName=ETH_RESET Pin=U5-39
Added Pin To Net: NetName=ETH_INT Pin=U5-40
Added Pin To Net: NetName=ETH_LED Pin=U5-41
Added Pin To Net: NetName=DISPLAY_RST Pin=U5-42
Added Pin To Net: NetName=DISPLAY_SPI_MOSI Pin=U5-43
Added Pin To Net: NetName=DISPLAY_SPI_CLK Pin=U5-44
Added Pin To Net: NetName=DISPLAY_SPI_CS Pin=U5-45
Added Pin To Net: NetName=DISPLAY_SPI_MISO Pin=U5-46
Added Pin To Net: NetName=GND Pin=U5-47
Added Pin To Net: NetName=VCC Pin=U5-48
Added Pin To Net: NetName=DISPLAY_DC Pin=U5-49
Added Pin To Net: NetName=DISPLAY_BLK Pin=U5-50
Added Pin To Net: NetName=WIFI_RST Pin=U5-51
Added Pin To Net: NetName=MCU_RST Pin=U5-52
Added Pin To Net: NetName=NetC25_1 Pin=U5-53
Added Pin To Net: NetName=GND Pin=U5-54
Added Pin To Net: NetName=VCC Pin=U5-56
Added Pin To Net: NetName=SWCLK Pin=U5-57
Added Pin To Net: NetName=SWDIO Pin=U5-58
Added Pin To Net: NetName=SWO Pin=U5-59
Added Pin To Net: NetName=WIFI_INT Pin=U5-60
Added Pin To Net: NetName=WIFI_MOSI Pin=U5-61
Added Pin To Net: NetName=WIFI_CLK Pin=U5-62
Added Pin To Net: NetName=WIFI_CS Pin=U5-63
Added Pin To Net: NetName=WIFI_MISO Pin=U5-64
Added Pin To Net: NetName=GND Pin=U5-65
Added Pin To Net: NetName=NetC31_1 Pin=C31-1
Added Pin To Net: NetName=NetC31_1 Pin=U5-1
Added Pin To Net: NetName=NetC31_1 Pin=Y3-1
Added Net: Name=NetC31_1
Added Pin To Net: NetName=NetC32_1 Pin=C32-1
Added Pin To Net: NetName=NetC32_1 Pin=U5-2
Added Pin To Net: NetName=NetC32_1 Pin=Y3-2
Added Net: Name=NetC32_1
Added Member To Class: ClassName=DMP_SEM_MCU Member=Component U5 ATSAME53J20A-MU
