Removed Pin From Net: NetName=MCU_RST Pin=J11-1
Removed Pin From Net: NetName=BUTTON_OK Pin=J11-2
Removed Pin From Net: NetName=BUTTON_UP Pin=J11-3
Removed Pin From Net: NetName=BUTTON_DOWN Pin=J11-4
Removed Pin From Net: NetName=DISPLAY_SPI_MISO Pin=J11-6
Removed Pin From Net: NetName=DISPLAY_SPI_CS Pin=J11-7
Removed Pin From Net: NetName=DISPLAY_SPI_CLK Pin=J11-8
Removed Pin From Net: NetName=DISPLAY_SPI_MOSI Pin=J11-9
Removed Pin From Net: NetName=GND Pin=J12-1
Removed Pin From Net: NetName=VCC Pin=J12-2
Removed Pin From Net: NetName=ETH_CON_LED Pin=J12-5
Removed Pin From Net: NetName=DISPLAY_RW Pin=J12-6
Removed Pin From Net: NetName=DISPLAY_DC Pin=J12-7
Removed Pin From Net: NetName=DISPLAY_RST Pin=J12-8
Removed Pin From Net: NetName=DISPLAY_EN Pin=J12-9
Removed Pin From Net: NetName=EVENT Pin=U5-5
Removed Pin From Net: NetName=ZCD Pin=U5-6
Removed Pin From Net: NetName=ETH_CON_LED Pin=U5-10
Removed Pin From Net: NetName=PW_SDA Pin=U5-11
Removed Pin From Net: NetName=PW_SCL Pin=U5-12
Removed Pin From Net: NetName=DISPLAY_RW Pin=U5-13
Removed Pin From Net: NetName=DISPLAY_DC Pin=U5-14
Removed Pin From Net: NetName=DISPLAY_RST Pin=U5-15
Removed Pin From Net: NetName=DISPLAY_EN Pin=U5-16
Removed Pin From Net: NetName=DISPLAY_SPI_MOSI Pin=U5-43
Removed Pin From Net: NetName=DISPLAY_SPI_CLK Pin=U5-44
Removed Pin From Net: NetName=DISPLAY_SPI_CS Pin=U5-45
Removed Pin From Net: NetName=DISPLAY_SPI_MISO Pin=U5-46
Removed Pin From Net: NetName=BUTTON_DOWN Pin=U5-49
Removed Pin From Net: NetName=BUTTON_UP Pin=U5-50
Removed Pin From Net: NetName=BUTTON_OK Pin=U5-51
Removed Pin From Net: NetName=USB_UART_TX Pin=U5-63
Removed Pin From Net: NetName=USB_UART_RX Pin=U5-64
Added Component: Designator=R42(ERJP03_PA3_(0603))
Add component (AddParameter): Name = "Arrow Part Number"; Value = ""; VariantName = "[No Variations]"
Add component (AddParameter): Name = "Arrow Price/Stock"; Value = ""; VariantName = "[No Variations]"
Add component (AddParameter): Name = "ComponentLink1Description"; Value = "shop"; VariantName = "[No Variations]"
Add component (AddParameter): Name = "ComponentLink1URL"; Value = "https://cz.mouser.com/ProductDetail/Panasonic/ERJ-PA3D4752V?qs=sGAEpiMZZMvdGkrng054t6%2FAfIpq60YDheWhyQd1h%252BlH%252BmzCFBvaFw%3D%3D"; VariantName = "[No Variations]"
Add component (AddParameter): Name = "Datasheet Link"; Value = "https://industrial.panasonic.com/cdbs/www-data/pdf/RDO0000/AOA0000C331.pdf"; VariantName = "[No Variations]"
Add component (AddParameter): Name = "Height"; Value = "0.55mm"; VariantName = "[No Variations]"
Add component (AddParameter): Name = "Manufacturer_Name"; Value = "Panasonic"; VariantName = "[No Variations]"
Add component (AddParameter): Name = "Manufacturer_Part_Number"; Value = "ERJ-PA3D4752V"; VariantName = "[No Variations]"
Add component (AddParameter): Name = "Mouser Part Number"; Value = "667-ERJ-PA3D4752V"; VariantName = "[No Variations]"
Add component (AddParameter): Name = "Mouser Price/Stock"; Value = "https://www.mouser.co.uk/ProductDetail/Panasonic/ERJ-PA3D4752V?qs=BzJM0faLVqWBfdYKa9t4jw%3D%3D"; VariantName = "[No Variations]"
Added Component: Designator=R43(RESC1608X55N)
Add component (AddParameter): Name = "Arrow Part Number"; Value = ""; VariantName = "[No Variations]"
Add component (AddParameter): Name = "Arrow Price/Stock"; Value = ""; VariantName = "[No Variations]"
Add component (AddParameter): Name = "Datasheet Link"; Value = "https://www.mouser.cn/datasheet/2/447/PYu_RT_1_to_0_01_RoHS_L_12-3003070.pdf"; VariantName = "[No Variations]"
Add component (AddParameter): Name = "Height"; Value = "0.55mm"; VariantName = "[No Variations]"
Add component (AddParameter): Name = "Manufacturer_Name"; Value = "YAGEO"; VariantName = "[No Variations]"
Add component (AddParameter): Name = "Manufacturer_Part_Number"; Value = "RT0603DRD0730KL"; VariantName = "[No Variations]"
Add component (AddParameter): Name = "Mouser Part Number"; Value = ""; VariantName = "[No Variations]"
Add component (AddParameter): Name = "Mouser Price/Stock"; Value = ""; VariantName = "[No Variations]"
Added Pin To Net: NetName=DISPLAY_SPI_MISO Pin=J11-1
Added Pin To Net: NetName=DISPLAY_SPI_CS Pin=J11-2
Added Pin To Net: NetName=DISPLAY_SPI_CLK Pin=J11-3
Added Pin To Net: NetName=DISPLAY_SPI_MOSI Pin=J11-4
Added Pin To Net: NetName=DISPLAY_RST Pin=J11-5
Added Pin To Net: NetName=DISPLAY_DC Pin=J11-6
Added Pin To Net: NetName=DISPLAY_RW Pin=J11-7
Added Pin To Net: NetName=DISPLAY_EN Pin=J11-8
Added Pin To Net: NetName=VCC Pin=J12-1
Added Pin To Net: NetName=GND Pin=J12-2
Added Pin To Net: NetName=BUTTON_DOWN Pin=J12-5
Added Pin To Net: NetName=MCU_RST Pin=J12-6
Added Pin To Net: NetName=BUTTON_OK Pin=J12-7
Added Pin To Net: NetName=BUTTON_UP Pin=J12-8
Added Pin To Net: NetName=ETH_CON_LED Pin=J12-9
Added Pin To Net: NetName=GND Pin=R42-2
Added Pin To Net: NetName=VBUS Pin=R43-1
Added Pin To Net: NetName=DISPLAY_EN Pin=U5-9
Added Pin To Net: NetName=DISPLAY_RW Pin=U5-10
Added Pin To Net: NetName=DISPLAY_DC Pin=U5-11
Added Pin To Net: NetName=DISPLAY_RST Pin=U5-12
Added Pin To Net: NetName=DISPLAY_SPI_MOSI Pin=U5-13
Added Pin To Net: NetName=DISPLAY_SPI_CLK Pin=U5-14
Added Pin To Net: NetName=DISPLAY_SPI_CS Pin=U5-15
Added Pin To Net: NetName=DISPLAY_SPI_MISO Pin=U5-16
Added Pin To Net: NetName=USB_UART_TX Pin=U5-43
Added Pin To Net: NetName=USB_UART_RX Pin=U5-44
Added Pin To Net: NetName=D_N Pin=U5-45
Added Pin To Net: NetName=D_P Pin=U5-46
Added Pin To Net: NetName=EVENT Pin=U5-49
Added Pin To Net: NetName=ZCD Pin=U5-50
Added Pin To Net: NetName=BUTTON_DOWN Pin=U5-51
Added Pin To Net: NetName=BUTTON_OK Pin=U5-60
Added Pin To Net: NetName=BUTTON_UP Pin=U5-61
Added Pin To Net: NetName=ETH_CON_LED Pin=U5-62
Added Pin To Net: NetName=PW_SDA Pin=U5-63
Added Pin To Net: NetName=PW_SCL Pin=U5-64
Added Pin To Net: NetName=USB_VBUS_SENSE Pin=R42-1
Added Pin To Net: NetName=USB_VBUS_SENSE Pin=R43-2
Added Pin To Net: NetName=USB_VBUS_SENSE Pin=U5-42
Added Net: Name=USB_VBUS_SENSE
Added Member To Class: ClassName=DMP_SEM_POWER Member=Component J1 GSB1C41110SSHR
Added Member To Class: ClassName=DMP_SEM_POWER Member=Component R2 10k
Added Member To Class: ClassName=DMP_SEM_POWER Member=Component R42 47.5k
Added Member To Class: ClassName=DMP_SEM_POWER Member=Component R43 30k
