Removed Pin From Net: NetName=DISPLAY_SPI_MISO Pin=J11-1
Removed Pin From Net: NetName=DISPLAY_SPI_CS Pin=J11-2
Removed Pin From Net: NetName=DISPLAY_SPI_CLK Pin=J11-3
Removed Pin From Net: NetName=DISPLAY_SPI_MOSI Pin=J11-4
Added Component: Designator=R44(CAY10-XXXJ4)
Add component (AddParameter): Name = "Arrow Part Number"; Value = "CAY10-220J4LF"; VariantName = "[No Variations]"
Add component (AddParameter): Name = "Arrow Price/Stock"; Value = "https://www.arrow.com/en/products/cay10-220j4lf/bourns?region=nac"; VariantName = "[No Variations]"
Add component (AddParameter): Name = "Datasheet Link"; Value = "https://datasheet.datasheetarchive.com/originals/distributors/SFDatasheet-7/sf-000140093.pdf"; VariantName = "[No Variations]"
Add component (AddParameter): Name = "Manufacturer_Name"; Value = "Bourns"; VariantName = "[No Variations]"
Add component (AddParameter): Name = "Manufacturer_Part_Number"; Value = "CAY10-220J4LF"; VariantName = "[No Variations]"
Add component (AddParameter): Name = "Mouser Part Number"; Value = "652-CAY10-220J4LF"; VariantName = "[No Variations]"
Add component (AddParameter): Name = "Mouser Price/Stock"; Value = "https://www.mouser.co.uk/ProductDetail/Bourns/CAY10-220J4LF?qs=%252BM3HcY7%2F9%2FdIOc98WmS2zw%3D%3D"; VariantName = "[No Variations]"
Added Pin To Net: NetName=DISPLAY_SPI_MISO Pin=R44-5
Added Pin To Net: NetName=DISPLAY_SPI_CS Pin=R44-6
Added Pin To Net: NetName=DISPLAY_SPI_CLK Pin=R44-7
Added Pin To Net: NetName=DISPLAY_SPI_MOSI Pin=R44-8
Added Pin To Net: NetName=NetJ11_1 Pin=J11-1
Added Pin To Net: NetName=NetJ11_1 Pin=R44-4
Added Net: Name=NetJ11_1
Added Pin To Net: NetName=NetJ11_2 Pin=J11-2
Added Pin To Net: NetName=NetJ11_2 Pin=R44-3
Added Net: Name=NetJ11_2
Added Pin To Net: NetName=NetJ11_3 Pin=J11-3
Added Pin To Net: NetName=NetJ11_3 Pin=R44-2
Added Net: Name=NetJ11_3
Added Pin To Net: NetName=NetJ11_4 Pin=J11-4
Added Pin To Net: NetName=NetJ11_4 Pin=R44-1
Added Net: Name=NetJ11_4
Added Member To Class: ClassName=DMP_SEM_MCU Member=Component R44 22
