Removed Pin From Net: NetName=SD_DATA2 Pin=R37-1
Removed Pin From Net: NetName=VCC Pin=R37-2
Added Component: Designator=J3(DM3ATSFPEJM5)
Add component (AddParameter): Name = "Arrow Part Number"; Value = ""; VariantName = "[No Variations]"
Add component (AddParameter): Name = "Arrow Price/Stock"; Value = ""; VariantName = "[No Variations]"
Add component (AddParameter): Name = "Datasheet Link"; Value = "https://datasheet.lcsc.com/szlcsc/Hirose-HRS-DM3AT-SF-PEJM5_C114218.pdf"; VariantName = "[No Variations]"
Add component (AddParameter): Name = "Height"; Value = "1.83mm"; VariantName = "[No Variations]"
Add component (AddParameter): Name = "Manufacturer_Name"; Value = "Hirose"; VariantName = "[No Variations]"
Add component (AddParameter): Name = "Manufacturer_Part_Number"; Value = "DM3AT-SF-PEJM5"; VariantName = "[No Variations]"
Add component (AddParameter): Name = "Mouser Part Number"; Value = "798-DM3AT-SF-PEJM5"; VariantName = "[No Variations]"
Add component (AddParameter): Name = "Mouser Price/Stock"; Value = "https://www.mouser.co.uk/ProductDetail/Hirose-Connector/DM3AT-SF-PEJM5?qs=LZSZKJVF%252B2WTDKp%252BR7IYAQ%3D%3D"; VariantName = "[No Variations]"
Added Pin To Net: NetName=SD_DATA2 Pin=J3-1
Added Pin To Net: NetName=SD_DATA3 Pin=J3-2
Added Pin To Net: NetName=SD_CMD Pin=J3-3
Added Pin To Net: NetName=VCC Pin=J3-4
Added Pin To Net: NetName=SD_CLK Pin=J3-5
Added Pin To Net: NetName=GND Pin=J3-6
Added Pin To Net: NetName=SD_DATA0 Pin=J3-7
Added Pin To Net: NetName=SD_DATA1 Pin=J3-8
Added Pin To Net: NetName=GND Pin=J3-MP1
Added Pin To Net: NetName=GND Pin=J3-MP2
Added Pin To Net: NetName=GND Pin=J3-MP3
Added Pin To Net: NetName=SD_CD Pin=J3-MP4
Added Pin To Net: NetName=GND Pin=J3-MP5
Added Pin To Net: NetName=GND Pin=J3-MP6
Added Pin To Net: NetName=VCC Pin=R37-1
Added Pin To Net: NetName=SD_DATA2 Pin=R37-2
Added Member To Class: ClassName=DMP_SEM_ETHERNET Member=Component J2 HFJ11-2450E-L12RL
Added Member To Class: ClassName=DMP_SEM_SDCARD Member=Component J3 DM3AT-SF-PEJM5
